08-22-2019 @ 10:32:50 - Weight and cubage of the order: Array
(
    [weight] => 1
    [height] => 2
    [width] => 11
    [length] => 16
)

08-22-2019 @ 10:32:50 - Requesting Correios WebServices: http://ws.correios.com.br/calculador/CalcPrecoPrazo.aspx?nCdServico=04014&nCdEmpresa&sDsSenha&sCepDestino=17010001&sCepOrigem=17490000&nVlAltura=2&nVlLargura=11&nVlDiametro=0&nVlComprimento=16&nVlPeso=1&nCdFormato=1&sCdMaoPropria=N&nVlValorDeclarado=0&sCdAvisoRecebimento=N&StrRetorno=xml
08-22-2019 @ 10:32:50 - Correios WebServices response: SimpleXMLElement Object
(
    [cServico] => SimpleXMLElement Object
        (
            [Codigo] => 04014
            [Valor] => 0,00
            [PrazoEntrega] => 0
            [ValorSemAdicionais] => 0,00
            [ValorMaoPropria] => 0,00
            [ValorAvisoRecebimento] => 0,00
            [ValorValorDeclarado] => 0,00
            [EntregaDomiciliar] => SimpleXMLElement Object
                (
                )

            [EntregaSabado] => SimpleXMLElement Object
                (
                )

            [obsFim] => SimpleXMLElement Object
                (
                )

            [Erro] => -2
            [MsgErro] => CEP de origem invalido.
        )

)

08-22-2019 @ 10:33:53 - Weight and cubage of the order: Array
(
    [weight] => 1
    [height] => 2
    [width] => 11
    [length] => 16
)

08-22-2019 @ 10:33:53 - Requesting Correios WebServices: http://ws.correios.com.br/calculador/CalcPrecoPrazo.aspx?nCdServico=04014&nCdEmpresa&sDsSenha&sCepDestino=17010001&sCepOrigem=17490000&nVlAltura=2&nVlLargura=11&nVlDiametro=0&nVlComprimento=16&nVlPeso=1&nCdFormato=1&sCdMaoPropria=N&nVlValorDeclarado=0&sCdAvisoRecebimento=N&StrRetorno=xml
08-22-2019 @ 10:33:53 - Correios WebServices response: SimpleXMLElement Object
(
    [cServico] => SimpleXMLElement Object
        (
            [Codigo] => 04014
            [Valor] => 0,00
            [PrazoEntrega] => 0
            [ValorSemAdicionais] => 0,00
            [ValorMaoPropria] => 0,00
            [ValorAvisoRecebimento] => 0,00
            [ValorValorDeclarado] => 0,00
            [EntregaDomiciliar] => SimpleXMLElement Object
                (
                )

            [EntregaSabado] => SimpleXMLElement Object
                (
                )

            [obsFim] => SimpleXMLElement Object
                (
                )

            [Erro] => -2
            [MsgErro] => CEP de origem invalido.
        )

)

